0 info it worked if it ends with ok
1 verbose cli [ 'C:\\Program Files\\nodejs\\\\node.exe',
1 verbose cli   'C:\\Program Files\\nodejs\\node_modules\\npm\\bin\\npm-cli.js',
1 verbose cli   'cache',
1 verbose cli   'clean',
1 verbose cli   '-f' ]
2 info using npm@1.4.9
3 info using node@v0.10.28
4 verbose node symlink C:\Program Files\nodejs\\node.exe
5 warn using --force I sure hope you know what you are doing.
6 error Error: EPERM, rmdir 'C:\Users\francesco\AppData\Roaming\npm-cache\browserify\4.2.0\package\test'
6 error  { [Error: EPERM, rmdir 'C:\Users\francesco\AppData\Roaming\npm-cache\browserify\4.2.0\package\test']
6 error   errno: 50,
6 error   code: 'EPERM',
6 error   path: 'C:\\Users\\francesco\\AppData\\Roaming\\npm-cache\\browserify\\4.2.0\\package\\test' }
7 error Please try running this command again as root/Administrator.
8 error System Windows_NT 6.2.9200
9 error command "C:\\Program Files\\nodejs\\\\node.exe" "C:\\Program Files\\nodejs\\node_modules\\npm\\bin\\npm-cli.js" "cache" "clean" "-f"
10 error cwd H:\Dev\GIT\4realm\Client\Unplugged
11 error node -v v0.10.28
12 error npm -v 1.4.9
13 error path C:\Users\francesco\AppData\Roaming\npm-cache\browserify\4.2.0\package\test
14 error code EPERM
15 error errno 50
16 error stack Error: EPERM, rmdir 'C:\Users\francesco\AppData\Roaming\npm-cache\browserify\4.2.0\package\test'
17 verbose exit [ 50, true ]
